[2020/07/16 10:24:07] Win Streak 5 Lose Streak 24 | Balance 993.32249046 Profit 893.29782704
[2020/07/16 12:08:41] Win Streak 3 Lose Streak 38 | Balance 1046.07682044 Profit -15.32146605
[2020/07/16 12:19:35] Win Streak 2 Lose Streak 68 | Balance 1093.13472845 Profit 46.62053024
[2020/07/16 12:20:12] Win Streak 1 Lose Streak 52 | Balance 1215.04713996 Profit 122.02572151
[2020/07/16 12:21:10] Win Streak 2 Lose Streak 14 | Balance 1233.33678493 Profit 18.53605497
Withdraw 10.00000000
[2020/07/16 14:24:12] Win Streak 0 Lose Streak 1 | Balance 1013.95617014 Profit -0.0001
[2020/07/16 14:26:09] Win Streak 3 Lose Streak 17 | Balance 1006.06628291 Profit 2.11021277
[2020/07/16 20:44:24] Win Streak 6 Lose Streak 11 | Balance 350.3670744 Profit 0.09184382
[2020/07/16 20:44:52] Win Streak 4 Lose Streak 21 | Balance 350.36719389 Profit 0.09222009
[2020/07/16 21:42:52] Win Streak 5 Lose Streak 13 | Balance 350.41477781 Profit 0.04761981
[2020/07/16 21:42:52] Win Streak 4 Lose Streak 9 | Balance 350.41459459 Profit 0.04753659
[2020/07/16 21:42:52] Win Streak 6 Lose Streak 13 | Balance 350.36705813 Profit 0.09198433
[2020/07/16 21:42:52] Win Streak 3 Lose Streak 9 | Balance 350.41473459 Profit 0.04741981
[2020/07/16 21:42:52] Win Streak 5 Lose Streak 16 | Balance 350.41483459 Profit 0.14001757
[2020/08/03 17:38:57] Win Streak 3 Lose Streak 44 | Balance 101.53370212 Profit 17.52138669
[2020/08/03 17:40:44] Win Streak 1 Lose Streak 27 | Balance 101.79954108 Profit 0.2820477
[2020/08/03 17:47:45] Win Streak 2 Lose Streak 44 | Balance 105.13187409 Profit 3.33564601
[2020/08/03 17:48:38] Win Streak 1 Lose Streak 23 | Balance 105.27680419 Profit 0.15208269
[2020/08/03 17:49:40] Win Streak 1 Lose Streak 14 | Balance 116.68626876 Profit 11.51121354
[2020/08/03 17:51:33] Win Streak 1 Lose Streak 12 | Balance 116.72082488 Profit 0.03555612
[2020/08/03 17:53:05] Win Streak 1 Lose Streak 19 | Balance 116.77187913 Profit 0.05337673
[2020/08/03 17:54:06] Win Streak 1 Lose Streak 21 | Balance 128.78872403 Profit 11.00816738
[2020/08/04 14:19:56] Win Streak 3 Lose Streak 1 | Balance 8.20962382 Profit 4.9e-07
[2020/08/04 14:20:51] Win Streak 7 Lose Streak 0 | Balance 8.20962474 Profit 1.68e-06
[2020/08/04 15:32:12] Win Streak 2 Lose Streak 64 | Balance 10.71217473 Profit 2.50255199
[2020/08/04 17:51:28] Win Streak 1 Lose Streak 25 | Balance 67.90008035 Profit 41.18948925
[2020/08/04 17:52:50] Win Streak 9 Lose Streak 2 | Balance 67.92010999 Profit 0.02102964
[2020/08/04 17:56:51] Win Streak 9 Lose Streak 4 | Balance 70.71366218 Profit 2.80105777
[2020/08/04 18:04:16] Win Streak 7 Lose Streak 8 | Balance 78.996926 Profit 8.31751864
[2020/08/04 18:11:26] Win Streak 10 Lose Streak 8 | Balance 80.4795423 Profit 1.4926163
